<?xml version="1.0" encoding="UTF-8"?>
<!-- Generated by org.testng.reporters.JUnitReportReporter -->
<testsuite skipped="0" hostname="Desktop" name="com.qa.x2crm.test.LoginPageTest" tests="8" failures="0" timestamp="15 Jul 2019 11:50:29 GMT" time="56.656" errors="0">
  <testcase name="loginTitleTest" time="6.986" classname="com.qa.x2crm.test.LoginPageTest"/>
  <testcase name="verifyLogoTest" time="5.844" classname="com.qa.x2crm.test.LoginPageTest"/>
  <testcase name="VerifyLoginTest" time="6.390" classname="com.qa.x2crm.test.LoginPageTest"/>
  <testcase name="LoginPageDataTest" time="8.783" classname="com.qa.x2crm.test.LoginPageTest"/>
  <testcase name="LoginPageDataTest" time="7.195" classname="com.qa.x2crm.test.LoginPageTest"/>
  <testcase name="InvalidUserNameTest" time="7.230" classname="com.qa.x2crm.test.LoginPageTest"/>
  <testcase name="InvalidpasswordNameTest" time="7.481" classname="com.qa.x2crm.test.LoginPageTest"/>
  <testcase name="blankuserpasswordTest" time="6.747" classname="com.qa.x2crm.test.LoginPageTest"/>
</testsuite> <!-- com.qa.x2crm.test.LoginPageTest -->
